make all --print-data-base --no-builtin-variables --no-builtin-rules --question
# GNU Make 4.2.1
# Built for x86_64-pc-linux-gnu
# Copyright (C) 1988-2016 Free Software Foundation, Inc.
# License GPLv3+: GNU GPL version 3 or later <http://gnu.org/licenses/gpl.html>
# This is free software: you are free to change and redistribute it.
# There is NO WARRANTY, to the extent permitted by law.
 

# Make data base, printed on Tue Aug  2 21:43:56 2022

# Variables

# 'override' directive
GNUMAKEFLAGS := 
# automatic
<D = $(patsubst %/,%,$(dir $<))
# automatic
?F = $(notdir $?)
# environment
DESKTOP_SESSION = ubuntu
# makefile (from 'Makefile', line 56)
LINK_OPTIONS = -Xlinker "-(" $^ -Wl,-Bstatic $(STATIC_LINKINGS) -Wl,-Bdynamic -Xlinker "-)" $(DYNAMIC_LINKINGS)
# default
.SHELLFLAGS := -c
# environment
XDG_SESSION_CLASS = user
# environment
XDG_SESSION_TYPE = x11
# automatic
?D = $(patsubst %/,%,$(dir $?))
# environment
IM_CONFIG_PHASE = 1
# makefile (from 'Makefile', line 55)
LINK_OPTIONS_SO = -Xlinker "-(" $^ -Xlinker "-)" $(STATIC_LINKINGS) $(DYNAMIC_LINKINGS)
# automatic
@D = $(patsubst %/,%,$(dir $@))
# environment
XAUTHORITY = /run/user/1000/gdm/Xauthority
# environment
GDMSESSION = ubuntu
# environment
XMODIFIERS = @im=ibus
# makefile
CURDIR := /home/val/Projects/consensus
# makefile
SHELL = /bin/sh
# environment
VSCODE_NLS_CONFIG = {"locale":"en-us","availableLanguages":{},"_languagePackSupport":true}
# environment
_ = /usr/share/code/code
# environment
JOURNAL_STREAM = 8:77087
# environment
XDG_CONFIG_DIRS = /etc/xdg/xdg-ubuntu:/etc/xdg
# makefile (from 'Makefile', line 27)
HDRS = /usr/include/ $(BRPC_PATH)/output/include
# makefile (from '/home/val/Projects/incubator-brpc/config.mk', line 1)
MAKEFILE_LIST :=  Makefile /home/val/Projects/incubator-brpc/config.mk
# automatic
@F = $(notdir $@)
# environment
GIO_LAUNCHED_DESKTOP_FILE = /usr/share/applications/code.desktop
# environment
USERNAME = val
# makefile (from 'Makefile', line 23)
CXXFLAGS = $(CPPFLAGS) -std=c++0x -DNDEBUG -O2 -pipe -W -Wall -Wno-unused-parameter -fPIC -fno-omit-frame-pointer
# environment
XDG_DATA_DIRS = /usr/share/ubuntu:/usr/local/share/:/usr/share/:/var/lib/snapd/desktop
# makefile (from 'Makefile', line 31)
LIBPATHS = $(addprefix -L, $(LIBS))
# environment
DBUS_SESSION_BUS_ADDRESS = unix:path=/run/user/1000/bus
# makefile (from '/home/val/Projects/incubator-brpc/config.mk', line 9)
GCC_VERSION = 90400
# makefile (from '/home/val/Projects/incubator-brpc/config.mk', line 2)
SYSTEM = Linux
# makefile (from '/home/val/Projects/incubator-brpc/config.mk', line 12)
CPPFLAGS = -DBRPC_WITH_GLOG=0 -DGFLAGS_NS=google -D__const__=__unused__ -g
# environment
MANAGERPID = 3852
# makefile (from 'Makefile', line 42)
SERVER_OBJS = $(addsuffix .o, $(basename $(SERVER_SOURCES))) 
# makefile (from 'Makefile', line 32)
COMMA = ,
# environment
LESSOPEN = | /usr/bin/lesspipe %s
# environment
VSCODE_CWD = /home/val
# makefile (from '/home/val/Projects/incubator-brpc/config.mk', line 5)
PROTOC = /usr/bin/protoc
# default
MAKE_HOST := x86_64-pc-linux-gnu
# environment
PATH = /usr/local/sbin:/usr/local/bin:/usr/sbin:/usr/bin:/sbin:/bin:/usr/games:/usr/local/games:/snap/bin
# makefile (from 'Makefile', line 37)
PROTOS = $(wildcard *.proto)
# environment
GPG_AGENT_INFO = /run/user/1000/gnupg/S.gpg-agent:0:1
# environment
SESSION_MANAGER = local/ubuntu:@/tmp/.ICE-unix/4102,unix/ubuntu:/tmp/.ICE-unix/4102
# makefile (from 'Makefile', line 18)
NEED_GPERFTOOLS = 0
# environment
XDG_RUNTIME_DIR = /run/user/1000
# makefile (from 'Makefile', line 30)
HDRPATHS = $(addprefix -I, $(HDRS))
# makefile (from 'Makefile', line 19)
BRPC_PATH = /home/val/Projects/incubator-brpc
# makefile (from 'Makefile', line 40)
PROTO_GENS = $(PROTOS:.proto=.pb.h) $(PROTOS:.proto=.pb.cc)
# environment
XDG_MENU_PREFIX = gnome-
# environment
ELECTRON_RUN_AS_NODE = 1
# environment
INVOCATION_ID = 85ce875b483946f4a60a46996cdb9571
# default
.FEATURES := target-specific order-only second-expansion else-if shortest-stem undefine oneshell archives jobserver output-sync check-symlink load
# environment
LS_COLORS = 
# environment
XDG_SESSION_DESKTOP = ubuntu
# environment
SSH_AUTH_SOCK = /run/user/1000/keyring/ssh
# environment
GIO_LAUNCHED_DESKTOP_FILE_PID = 59332
# automatic
%F = $(notdir $%)
# environment
DISPLAY = :0
# makefile (from 'Makefile', line 35)
CLIENT_SOURCES = client.cpp
# environment
PWD = /home/val/Projects/consensus
# default
.LOADED := 
# environment
SSH_AGENT_PID = 4051
# makefile (from '/home/val/Projects/incubator-brpc/config.mk', line 6)
PROTOBUF_HDR = /usr/include/
# environment
ORIGINAL_XDG_CURRENT_DESKTOP = ubuntu:GNOME
# environment
GTK_MODULES = gail:atk-bridge
# makefile (from 'Makefile', line 41)
CLIENT_OBJS = $(addsuffix .o, $(basename $(CLIENT_SOURCES))) 
# environment
VSCODE_AMD_ENTRYPOINT = vs/workbench/api/node/extensionHostProcess
# environment
HOME = /home/val
# environment
LESSCLOSE = /usr/bin/lesspipe %s %s
# environment
VSCODE_CODE_CACHE_PATH = /home/val/.config/Code/CachedData/3b889b090b5ad5793f524b5d1d39fda662b96a2a
# environment
LOGNAME = val
# environment
APPLICATION_INSIGHTS_NO_DIAGNOSTIC_CHANNEL = true
# makefile (from 'Makefile', line 39)
PROTO_OBJS = $(PROTOS:.proto=.pb.o)
# environment
VSCODE_HANDLES_UNCAUGHT_ERRORS = true
# environment
GNOME_DESKTOP_SESSION_ID = this-is-deprecated
# automatic
^D = $(patsubst %/,%,$(dir $^))
# environment
MAKELEVEL := 0
# default
MAKE = $(MAKE_COMMAND)
# default
MAKECMDGOALS := all
# environment
QT_IM_MODULE = ibus
# environment
SHLVL = 0
# makefile (from '/home/val/Projects/incubator-brpc/config.mk', line 7)
CC = gcc
# environment
GNOME_SHELL_SESSION_MODE = ubuntu
# default
MAKE_VERSION := 4.2.1
# environment
USER = val
# makefile
.DEFAULT_GOAL := all
# environment
XDG_CURRENT_DESKTOP = Unity
# automatic
%D = $(patsubst %/,%,$(dir $%))
# default
MAKE_COMMAND := make
# default
.VARIABLES := 
# automatic
*F = $(notdir $*)
# environment
VSCODE_IPC_HOOK = /run/user/1000/vscode-43d73aaa-1.69.2-main.sock
# makefile
MAKEFLAGS = pqrR
# environment
MFLAGS = -pqrR
# automatic
*D = $(patsubst %/,%,$(dir $*))
# automatic
+D = $(patsubst %/,%,$(dir $+))
# environment
GDK_BACKEND = x11
# automatic
+F = $(notdir $+)
# environment
QT_ACCESSIBILITY = 1
# default
MAKEFILES := 
# automatic
<F = $(notdir $<)
# makefile (from '/home/val/Projects/incubator-brpc/config.mk', line 8)
CXX = g++
# makefile (from 'Makefile', line 36)
SERVER_SOURCES = server.cpp
# environment
LC_ALL = C
# environment
GJS_DEBUG_TOPICS = JS ERROR;JS LOG
# makefile (from 'Makefile', line 28)
LIBS = /usr/lib/x86_64-linux-gnu $(BRPC_PATH)/output/lib
# automatic
^F = $(notdir $^)
# makefile (from 'Makefile', line 33)
SOPATHS = $(addprefix -Wl$(COMMA)-rpath$(COMMA), $(LIBS))
# default
SUFFIXES := 
# environment
CHROME_DESKTOP = code-url-handler.desktop
# environment
WINDOWPATH = 2
# default
.INCLUDE_DIRS = /usr/include /usr/local/include /usr/include
# makefile (from 'Makefile', line 54)
STATIC_LINKINGS = -lgflags -lprotobuf -lbrpc
# environment
GJS_DEBUG_OUTPUT = stderr
# default
.RECIPEPREFIX := 
# environment
LANG = C
# environment
VSCODE_PID = 59332
# makefile (from '/home/val/Projects/incubator-brpc/config.mk', line 11)
DYNAMIC_LINKINGS = -lpthread -lssl -lcrypto -ldl -lz -lrt -lleveldb
# variable set hash-table stats:
# Load=119/1024=12%, Rehash=0, Collisions=17/165=10%

# Pattern-specific Variable Values

# No pattern-specific variable values.

# Directories

# . (device 2053, inode 1447223): 7 files, no impossibilities.

# 7 files, no impossibilities in 1 directories.

# Implicit Rules

%.pb.cc %.pb.h: %.proto
#  recipe to execute (from 'Makefile', line 77):
	@echo "> Generating $@"
	$(PROTOC) --cpp_out=. --proto_path=. $(PROTOC_EXTRA_ARGS) $<

%.o: %.cpp
#  recipe to execute (from 'Makefile', line 81):
	@echo "> Compiling $@"
	$(CXX) -c $(HDRPATHS) $(CXXFLAGS) $< -o $@

%.o: %.cc
#  recipe to execute (from 'Makefile', line 85):
	@echo "> Compiling $@"
	$(CXX) -c $(HDRPATHS) $(CXXFLAGS) $< -o $@

# 3 implicit rules, 0 (0.0%) terminal.

# Files

all: server
#  Phony target (prerequisite of .PHONY).
#  Command line target.
#  Implicit rule search has not been done.
#  File does not exist.
#  File has been updated.
#  Successfully updated.

.PHONY: all clean
 
#  Implicit rule search has not been done.
#  Modification time never checked.
#  File has not been updated.

# Not a target:
Makefile:
#  Implicit rule search has been done.
#  Last modified 2022-08-02 21:43:12.08456898
#  File has been updated.
#  Successfully updated.

server.o: server.cpp
#  Implicit rule search has been done.
#  Implicit/static pattern stem: 'server'
#  Last modified 2022-08-02 21:43:17.116685877
#  File has been updated.
#  Successfully updated.
#  recipe to execute (from 'Makefile', line 81):
	@echo "> Compiling $@"
	$(CXX) -c $(HDRPATHS) $(CXXFLAGS) $< -o $@

# Not a target:
/home/val/Projects/incubator-brpc/config.mk:
#  Implicit rule search has been done.
#  Last modified 2022-08-02 19:58:24.654458902
#  File has been updated.
#  Successfully updated.

server: server.o
#  Implicit rule search has not been done.
#  Last modified 2022-08-02 21:43:19.224734793
#  File has been updated.
#  Successfully updated.
#  recipe to execute (from 'Makefile', line 69):
	@echo "> Linking $@"
	$(CXX) $(LIBPATHS) $(LINK_OPTIONS) -o $@

# Not a target:
.DEFAULT:
#  Implicit rule search has not been done.
#  Modification time never checked.
#  File has not been updated.

clean:
#  Phony target (prerequisite of .PHONY).
#  Implicit rule search has not been done.
#  File does not exist.
#  File has not been updated.
#  recipe to execute (from 'Makefile', line 64):
	@echo "> Cleaning"
	rm -rf echo_client echo_server $(PROTO_GENS) $(PROTO_OBJS) $(CLIENT_OBJS) $(SERVER_OBJS)

# Not a target:
server.cpp:
#  Implicit rule search has been done.
#  Last modified 2022-08-02 21:29:23.913890717
#  File has been updated.
#  Successfully updated.

# files hash-table stats:
# Load=10/1024=1%, Rehash=0, Collisions=0/32=0%
# VPATH Search Paths

# No 'vpath' search paths.

# No general ('VPATH' variable) search path.

# strcache buffers: 1 (0) / strings = 21 / storage = 199 B / avg = 9 B
# current buf: size = 8162 B / used = 199 B / count = 21 / avg = 9 B

# strcache performance: lookups = 42 / hit rate = 50%
# hash-table stats:
# Load=21/8192=0%, Rehash=0, Collisions=1/42=2%
# Finished Make data base on Tue Aug  2 21:43:56 2022

 
